Arguments: 
  /usr/local/bin/node /usr/local/bin/yarn add noemon typescript chrome-types -D

PATH: 
  /usr/local/bin:/usr/bin:/bin:/usr/sbin:/sbin:/Library/Apple/usr/bin

Yarn version: 
  1.22.19

Node version: 
  18.16.0

Platform: 
  darwin x64

Trace: 
  Error: https://registry.yarnpkg.com/noemon: Not found
      at params.callback [as _callback] (/usr/local/lib/node_modules/yarn/lib/cli.js:66145:18)
      at self.callback (/usr/local/lib/node_modules/yarn/lib/cli.js:140890:22)
      at Request.emit (node:events:513:28)
      at Request.<anonymous> (/usr/local/lib/node_modules/yarn/lib/cli.js:141862:10)
      at Request.emit (node:events:513:28)
      at IncomingMessage.<anonymous> (/usr/local/lib/node_modules/yarn/lib/cli.js:141784:12)
      at Object.onceWrapper (node:events:627:28)
      at IncomingMessage.emit (node:events:525:35)
      at endReadableNT (node:internal/streams/readable:1359:12)
      at process.processTicksAndRejections (node:internal/process/task_queues:82:21)

npm manifest: 
  {
    "name": "without-print-preview",
    "description": "print shortcut extension",
    "version": "0.0.1",
    "author": {
      "email": "devlopersabbir@gmail.com",
      "name": "Sabbir Hossain Shuvo",
      "url": "https://www.showwcase.com/devlopersabbir"
    },
    "badges": [
      {
        "description": "full-stack developer",
        "href": "https://www.showwcase.com/devlopersabbir",
        "url": "https://github.com/devlopersabbir"
      }
    ],
    "bugs": {
      "email": "devlopersabbir@gmail.com",
      "url": "https://github.com/devlopersabbir/without-print-chrome-extension/issues/new"
    },
    "categories": [
      "Extension Packs"
    ],
    "displayName": "Print Shortcut",
    "homepage": "https://github.com/devlopersabbir/without-print-chrome-extension/#readme",
    "keywords": [
      "print-chrome-extension",
      "print-extension",
      "print-shortcut",
      "chrome-extension"
    ],
    "scripts": {
      "dev": "nodemon manifest.json",
      "build": "tsc"
    }
  }

yarn manifest: 
  No manifest

Lockfile: 
  No lockfile
